2024-06-30 18:28:30,333 [INFO] Activator:176 - 


2024-06-30 18:28:30,336 [INFO] Activator:177 - !SESSION log4j initialized
2024-06-30 18:28:32,875 [INFO] LogOutputStream:77 - [STDOUT_REDIRECT] 
2024-06-30 18:28:34,295 [INFO] ApplicationProperties:184 - Using Application install path: /opt/st/stm32cubeide_1.15.1/plugins/com.st.stm32cube.common.mx_6.11.1.202404110753
2024-06-30 18:28:34,309 [INFO] DbMcusXml:78 - Set database path to: /opt/st/stm32cubeide_1.15.1/plugins/com.st.stm32cube.common.mx_6.11.1.202404110753//db//mcu/
2024-06-30 18:28:34,310 [INFO] ApiDb:274 - Set plugin database path to: /opt/st/stm32cubeide_1.15.1/plugins/com.st.stm32cube.common.mx_6.11.1.202404110753//db//plugins/boardmanager/
2024-06-30 18:28:34,310 [WARN] ApiDb:259 - Overriding images path with different value:  => /opt/st/stm32cubeide_1.15.1/plugins/com.st.stm32cube.common.mx_6.11.1.202404110753//db//plugins/mcufinder/images/
2024-06-30 18:28:34,314 [INFO] ApiDb:250 - Set database path to: /home/caston/.stmcufinder/plugins/mcufinder//mcu/
2024-06-30 18:28:34,315 [INFO] DbMcusAds:125 - Set database path to: /home/caston/.stmcufinder/plugins/mcufinder//mcu/
2024-06-30 18:28:34,318 [INFO] CrossReferenceDbSqlite:203 - Set database path to: /home/caston/.stmcufinder/plugins/mcufinder//mcu/cs/
2024-06-30 18:28:34,428 [INFO] RulesReader:64 - Compatibility file has been processed (297 Rules)
2024-06-30 18:28:34,481 [INFO] DbMcusXml:78 - Set database path to: /opt/st/stm32cubeide_1.15.1/plugins/com.st.stm32cube.common.mx_6.11.1.202404110753//db//mcu/
2024-06-30 18:28:34,481 [INFO] ApiDb:274 - Set plugin database path to: /opt/st/stm32cubeide_1.15.1/plugins/com.st.stm32cube.common.mx_6.11.1.202404110753//db//plugins/boardmanager/
2024-06-30 18:28:34,481 [INFO] ApiDb:261 - Set plugin images path to: /opt/st/stm32cubeide_1.15.1/plugins/com.st.stm32cube.common.mx_6.11.1.202404110753//db//plugins/mcufinder/images/
2024-06-30 18:28:34,481 [WARN] DbFile:41 - Overriding database path with different value: /home/caston/.stmcufinder/plugins/mcufinder/ => /home/caston/.stmcufinder/plugins/mcufinder
2024-06-30 18:28:34,481 [INFO] ApiDb:250 - Set database path to: /home/caston/.stmcufinder/plugins/mcufinder//mcu/
2024-06-30 18:28:34,481 [WARN] DbFile:41 - Overriding database path with different value: /home/caston/.stmcufinder/plugins/mcufinder/ => /home/caston/.stmcufinder/plugins/mcufinder
2024-06-30 18:28:34,481 [INFO] DbMcusAds:125 - Set database path to: /home/caston/.stmcufinder/plugins/mcufinder//mcu/
2024-06-30 18:28:34,481 [WARN] DbFile:41 - Overriding database path with different value: /home/caston/.stmcufinder/plugins/mcufinder/ => /home/caston/.stmcufinder/plugins/mcufinder
2024-06-30 18:28:34,482 [WARN] DbFile:41 - Overriding database path with different value: /home/caston/.stmcufinder/plugins/mcufinder/ => /home/caston/.stmcufinder/plugins/mcufinder
2024-06-30 18:28:34,482 [INFO] CrossReferenceDbSqlite:203 - Set database path to: /home/caston/.stmcufinder/plugins/mcufinder//mcu/cs/
2024-06-30 18:28:34,534 [INFO] MainPanel:264 - HeapMemory: 268435456
2024-06-30 18:28:34,601 [INFO] DbMcusXml:78 - Set database path to: /opt/st/stm32cubeide_1.15.1/plugins/com.st.stm32cube.common.mx_6.11.1.202404110753//db//mcu/
2024-06-30 18:28:34,602 [INFO] ApiDb:274 - Set plugin database path to: /opt/st/stm32cubeide_1.15.1/plugins/com.st.stm32cube.common.mx_6.11.1.202404110753//db//plugins/boardmanager/
2024-06-30 18:28:34,602 [INFO] ApiDb:261 - Set plugin images path to: /opt/st/stm32cubeide_1.15.1/plugins/com.st.stm32cube.common.mx_6.11.1.202404110753//db//plugins/mcufinder/images/
2024-06-30 18:28:34,602 [WARN] DbFile:41 - Overriding database path with different value: /home/caston/.stmcufinder/plugins/mcufinder/ => /home/caston/.stmcufinder/plugins/mcufinder
2024-06-30 18:28:34,602 [INFO] ApiDb:250 - Set database path to: /home/caston/.stmcufinder/plugins/mcufinder//mcu/
2024-06-30 18:28:34,602 [WARN] DbFile:41 - Overriding database path with different value: /home/caston/.stmcufinder/plugins/mcufinder/ => /home/caston/.stmcufinder/plugins/mcufinder
2024-06-30 18:28:34,602 [INFO] DbMcusAds:125 - Set database path to: /home/caston/.stmcufinder/plugins/mcufinder//mcu/
2024-06-30 18:28:34,602 [WARN] DbFile:41 - Overriding database path with different value: /home/caston/.stmcufinder/plugins/mcufinder/ => /home/caston/.stmcufinder/plugins/mcufinder
2024-06-30 18:28:34,602 [WARN] DbFile:41 - Overriding database path with different value: /home/caston/.stmcufinder/plugins/mcufinder/ => /home/caston/.stmcufinder/plugins/mcufinder
2024-06-30 18:28:34,602 [INFO] CrossReferenceDbSqlite:203 - Set database path to: /home/caston/.stmcufinder/plugins/mcufinder//mcu/cs/
2024-06-30 18:28:34,615 [INFO] ApplicationProperties:184 - Using Application install path: /opt/st/stm32cubeide_1.15.1/plugins/com.st.stm32cube.common.mx_6.11.1.202404110753
2024-06-30 18:28:34,616 [INFO] PluginManage:196 - Search for loadable plugins [exclusion list=, ]
2024-06-30 18:28:34,617 [INFO] PluginManage:310 - Check plugin analytics
2024-06-30 18:28:34,748 [INFO] AnalyticsPlugin:253 - Accepted Software Licenses: STM32CubeMX.6.11.1
2024-06-30 18:28:34,749 [INFO] AnalyticsPlugin:255 - Accepted CMSIS Pack Licenses: 
2024-06-30 18:28:34,749 [INFO] AnalyticsPlugin:257 - Accepted Firmware Licenses: FW.F4.1.28.0
2024-06-30 18:28:34,749 [INFO] PluginManage:359 - Loaded plugin analytics (category:tool,tabindex:-1)
2024-06-30 18:28:34,749 [INFO] PluginManage:310 - Check plugin cadmodel
2024-06-30 18:28:34,811 [INFO] CADModel:105 - Init CAD model plugin
2024-06-30 18:28:34,811 [INFO] PluginManage:359 - Loaded plugin cadmodel (category:power,tabindex:5)
2024-06-30 18:28:34,811 [INFO] PluginManage:310 - Check plugin clock
2024-06-30 18:28:34,824 [INFO] PluginManage:359 - Loaded plugin clock (category:base,tabindex:2)
2024-06-30 18:28:34,824 [INFO] PluginManage:310 - Check plugin ddr
2024-06-30 18:28:34,826 [INFO] PluginManage:359 - Loaded plugin ddr (category:tool,tabindex:6)
2024-06-30 18:28:34,826 [INFO] PluginManage:310 - Check plugin filemanager
2024-06-30 18:28:34,933 [INFO] PluginManage:359 - Loaded plugin filemanager (category:base,tabindex:10)
2024-06-30 18:28:34,934 [INFO] PluginManage:310 - Check plugin ipmanager
2024-06-30 18:28:34,938 [INFO] PluginManage:359 - Loaded plugin ipmanager (category:base,tabindex:5)
2024-06-30 18:28:34,938 [INFO] PluginManage:310 - Check plugin lpbam
2024-06-30 18:28:34,945 [INFO] PluginManage:359 - Loaded plugin lpbam (category:base,tabindex:0)
2024-06-30 18:28:34,945 [INFO] PluginManage:310 - Check plugin memorymap
2024-06-30 18:28:34,954 [INFO] PluginManage:359 - Loaded plugin memorymap (category:base,tabindex:4)
2024-06-30 18:28:34,954 [INFO] PluginManage:310 - Check plugin pinoutandconfiguration
2024-06-30 18:28:34,960 [INFO] PluginManage:359 - Loaded plugin pinoutandconfiguration (category:base,tabindex:1)
2024-06-30 18:28:34,960 [INFO] PluginManage:310 - Check plugin pinoutconfig
2024-06-30 18:28:35,022 [WARN] SupportedApi:132 - Cannot load RTOS API schema: s4s-elt-must-match.1: The content of 'definitions' must match (annotation?, (simpleType | complexType)?, (unique | key | keyref)*)). A problem was found starting at: attribute.
2024-06-30 18:28:35,117 [INFO] PluginManage:359 - Loaded plugin pinoutconfig (category:base,tabindex:0)
2024-06-30 18:28:35,117 [INFO] PluginManage:310 - Check plugin power
2024-06-30 18:28:35,124 [INFO] PluginManage:359 - Loaded plugin power (category:power,tabindex:4)
2024-06-30 18:28:35,124 [INFO] PluginManage:310 - Check plugin projectmanager
2024-06-30 18:28:35,135 [INFO] PluginManage:359 - Loaded plugin projectmanager (category:projectmanager,tabindex:3)
2024-06-30 18:28:35,135 [INFO] PluginManage:310 - Check plugin thirdparty
2024-06-30 18:28:35,224 [INFO] PluginManage:359 - Loaded plugin thirdparty (category:base,tabindex:-1)
2024-06-30 18:28:35,224 [INFO] PluginManage:310 - Check plugin tools
2024-06-30 18:28:35,224 [WARN] IntegrityCheckThread:84 - waiting for thirdparty lock release [integrity check]
2024-06-30 18:28:35,225 [INFO] IntegrityCheckThread:86 - entering critical section [integrity check]
2024-06-30 18:28:35,225 [INFO] ThirdPartyUpdaterWithRetryManager:70 - Updater plugin not ready yet. [1/15]
2024-06-30 18:28:35,226 [INFO] PluginManage:359 - Loaded plugin tools (category:base,tabindex:7)
2024-06-30 18:28:35,226 [INFO] PluginManage:310 - Check plugin tutovideos
2024-06-30 18:28:35,356 [INFO] PluginManage:359 - Loaded plugin tutovideos (category:base,tabindex:-1)
2024-06-30 18:28:35,356 [INFO] PluginManage:310 - Check plugin updater
2024-06-30 18:28:35,364 [INFO] PluginManage:359 - Loaded plugin updater (category:base,tabindex:12)
2024-06-30 18:28:35,365 [INFO] PluginManage:310 - Check plugin userauth
2024-06-30 18:28:35,368 [INFO] UserAuth:114 - Init User Auth plugin
2024-06-30 18:28:35,369 [INFO] PluginManage:359 - Loaded plugin userauth (category:base,tabindex:14)
2024-06-30 18:28:35,369 [INFO] PluginManage:283 - PluginManage : Loaded plugins [17]
2024-06-30 18:28:35,509 [INFO] PinOutPanel:1561 - setPackage(No Configuration,No Configuration)
2024-06-30 18:28:35,554 [INFO] CADModel:165 - CPN selected for project level
2024-06-30 18:28:35,555 [INFO] CADModel:114 - Register for checkConnection events
2024-06-30 18:28:35,562 [INFO] IPUIPlugin:80 - create IPUIPlugin
2024-06-30 18:28:35,562 [INFO] PluginManager:220 - loadIPPluginJar : add gtzc
2024-06-30 18:28:35,566 [INFO] IPUIPlugin:80 - create IPUIPlugin
2024-06-30 18:28:35,566 [INFO] PluginManager:220 - loadIPPluginJar : add opamp
2024-06-30 18:28:35,568 [INFO] IPUIPlugin:80 - create IPUIPlugin
2024-06-30 18:28:35,568 [INFO] PluginManager:220 - loadIPPluginJar : add cryp
2024-06-30 18:28:35,569 [INFO] IPUIPlugin:80 - create IPUIPlugin
2024-06-30 18:28:35,569 [INFO] PluginManager:220 - loadIPPluginJar : add aes
2024-06-30 18:28:35,571 [INFO] IPUIPlugin:80 - create IPUIPlugin
2024-06-30 18:28:35,571 [INFO] PluginManager:220 - loadIPPluginJar : add touchsensing
2024-06-30 18:28:35,572 [INFO] IPUIPlugin:80 - create IPUIPlugin
2024-06-30 18:28:35,572 [INFO] PluginManager:220 - loadIPPluginJar : add ts
2024-06-30 18:28:35,573 [INFO] IPUIPlugin:80 - create IPUIPlugin
2024-06-30 18:28:35,573 [INFO] PluginManager:220 - loadIPPluginJar : add fatfs
2024-06-30 18:28:35,574 [INFO] IPUIPlugin:80 - create IPUIPlugin
2024-06-30 18:28:35,575 [INFO] PluginManager:220 - loadIPPluginJar : add dfsdm
2024-06-30 18:28:35,578 [INFO] IPUIPlugin:80 - create IPUIPlugin
2024-06-30 18:28:35,579 [INFO] PluginManager:220 - loadIPPluginJar : add freertos
2024-06-30 18:28:35,580 [INFO] IPUIPlugin:80 - create IPUIPlugin
2024-06-30 18:28:35,580 [INFO] PluginManager:220 - loadIPPluginJar : add usbx
2024-06-30 18:28:35,584 [INFO] IPUIPlugin:80 - create IPUIPlugin
2024-06-30 18:28:35,585 [INFO] PluginManager:220 - loadIPPluginJar : add dma
2024-06-30 18:28:35,585 [INFO] IPUIPlugin:80 - create IPUIPlugin
2024-06-30 18:28:35,586 [INFO] PluginManager:220 - loadIPPluginJar : add comp
2024-06-30 18:28:35,587 [INFO] IPUIPlugin:80 - create IPUIPlugin
2024-06-30 18:28:35,587 [INFO] PluginManager:220 - loadIPPluginJar : add hash
2024-06-30 18:28:35,588 [INFO] IPUIPlugin:80 - create IPUIPlugin
2024-06-30 18:28:35,589 [INFO] PluginManager:220 - loadIPPluginJar : add pdm2pcm
2024-06-30 18:28:35,592 [INFO] IPUIPlugin:80 - create IPUIPlugin
2024-06-30 18:28:35,592 [INFO] PluginManager:220 - loadIPPluginJar : add stm32_wpan
2024-06-30 18:28:35,594 [INFO] IPUIPlugin:80 - create IPUIPlugin
2024-06-30 18:28:35,594 [INFO] PluginManager:220 - loadIPPluginJar : add ipddr
2024-06-30 18:28:35,595 [INFO] IPUIPlugin:80 - create IPUIPlugin
2024-06-30 18:28:35,595 [INFO] PluginManager:220 - loadIPPluginJar : add lorawan
2024-06-30 18:28:35,596 [INFO] IPUIPlugin:80 - create IPUIPlugin
2024-06-30 18:28:35,596 [INFO] PluginManager:220 - loadIPPluginJar : add ltdc
2024-06-30 18:28:35,601 [INFO] IPUIPlugin:80 - create IPUIPlugin
2024-06-30 18:28:35,601 [INFO] PluginManager:220 - loadIPPluginJar : add adc
2024-06-30 18:28:35,603 [INFO] IPUIPlugin:80 - create IPUIPlugin
2024-06-30 18:28:35,603 [INFO] PluginManager:220 - loadIPPluginJar : add can
2024-06-30 18:28:35,605 [INFO] IPUIPlugin:80 - create IPUIPlugin
2024-06-30 18:28:35,606 [INFO] PluginManager:220 - loadIPPluginJar : add resmgrutility
2024-06-30 18:28:35,607 [INFO] IPUIPlugin:80 - create IPUIPlugin
2024-06-30 18:28:35,607 [INFO] PluginManager:220 - loadIPPluginJar : add genericplugin
2024-06-30 18:28:35,610 [INFO] IPUIPlugin:80 - create IPUIPlugin
2024-06-30 18:28:35,610 [INFO] PluginManager:220 - loadIPPluginJar : add nvic
2024-06-30 18:28:35,611 [INFO] IPUIPlugin:80 - create IPUIPlugin
2024-06-30 18:28:35,611 [INFO] PluginManager:220 - loadIPPluginJar : add tim
2024-06-30 18:28:35,613 [INFO] IPUIPlugin:80 - create IPUIPlugin
2024-06-30 18:28:35,613 [INFO] PluginManager:220 - loadIPPluginJar : add i2s
2024-06-30 18:28:35,614 [INFO] IPUIPlugin:80 - create IPUIPlugin
2024-06-30 18:28:35,614 [INFO] PluginManager:220 - loadIPPluginJar : add tsc
2024-06-30 18:28:35,616 [INFO] IPUIPlugin:80 - create IPUIPlugin
2024-06-30 18:28:35,616 [INFO] PluginManager:220 - loadIPPluginJar : add i3c
2024-06-30 18:28:35,618 [INFO] IPUIPlugin:80 - create IPUIPlugin
2024-06-30 18:28:35,618 [INFO] PluginManager:220 - loadIPPluginJar : add sai
2024-06-30 18:28:35,624 [INFO] IPUIPlugin:80 - create IPUIPlugin
2024-06-30 18:28:35,626 [INFO] PluginManager:220 - loadIPPluginJar : add plateformsettings
2024-06-30 18:28:35,630 [INFO] IPUIPlugin:80 - create IPUIPlugin
2024-06-30 18:28:35,630 [INFO] PluginManager:220 - loadIPPluginJar : add gpio
2024-06-30 18:28:35,636 [INFO] IPUIPlugin:80 - create IPUIPlugin
2024-06-30 18:28:35,636 [INFO] PluginManager:220 - loadIPPluginJar : add linkedlist
2024-06-30 18:28:35,638 [INFO] IPUIPlugin:80 - create IPUIPlugin
2024-06-30 18:28:35,639 [INFO] PluginManager:220 - loadIPPluginJar : add gfxmmu
2024-06-30 18:28:35,641 [INFO] IPUIPlugin:80 - create IPUIPlugin
2024-06-30 18:28:35,641 [INFO] PluginManager:220 - loadIPPluginJar : add usart
2024-06-30 18:28:35,643 [INFO] IPUIPlugin:80 - create IPUIPlugin
2024-06-30 18:28:35,643 [INFO] PluginManager:220 - loadIPPluginJar : add spi
2024-06-30 18:28:35,644 [INFO] IPUIPlugin:80 - create IPUIPlugin
2024-06-30 18:28:35,644 [INFO] PluginManager:220 - loadIPPluginJar : add ucpd
2024-06-30 18:28:35,646 [INFO] IPUIPlugin:80 - create IPUIPlugin
2024-06-30 18:28:35,646 [INFO] PluginManager:220 - loadIPPluginJar : add i2c
2024-06-30 18:28:35,651 [INFO] IPUIPlugin:80 - create IPUIPlugin
2024-06-30 18:28:35,651 [INFO] PluginManager:220 - loadIPPluginJar : add gic
2024-06-30 18:28:35,653 [INFO] IPUIPlugin:80 - create IPUIPlugin
2024-06-30 18:28:35,653 [INFO] PluginManager:220 - loadIPPluginJar : add quadspi
2024-06-30 18:28:35,654 [INFO] IPUIPlugin:80 - create IPUIPlugin
2024-06-30 18:28:35,655 [INFO] PluginManager:220 - loadIPPluginJar : add dma3
2024-06-30 18:28:35,657 [INFO] IPUIPlugin:80 - create IPUIPlugin
2024-06-30 18:28:35,657 [INFO] PluginManager:220 - loadIPPluginJar : add openamp
2024-06-30 18:28:35,662 [INFO] IPUIPlugin:80 - create IPUIPlugin
2024-06-30 18:28:35,662 [INFO] PluginManager:220 - loadIPPluginJar : add mdma
2024-06-30 18:28:35,666 [INFO] IPUIPlugin:80 - create IPUIPlugin
2024-06-30 18:28:35,666 [INFO] PluginManager:220 - loadIPPluginJar : add fmc
2024-06-30 18:28:35,668 [INFO] IPUIPlugin:80 - create IPUIPlugin
2024-06-30 18:28:35,668 [INFO] PluginManager:220 - loadIPPluginJar : add extmemmanager
2024-06-30 18:28:35,669 [INFO] IPUIPlugin:80 - create IPUIPlugin
2024-06-30 18:28:35,670 [INFO] PluginManager:220 - loadIPPluginJar : add tracer_emb
2024-06-30 18:28:35,763 [INFO] CADModel:165 - CPN selected for project level
2024-06-30 18:28:35,763 [INFO] CADModel:114 - Register for checkConnection events
2024-06-30 18:28:35,764 [FATAL] Updater:308 - Updater called before beeing initialized
2024-06-30 18:28:35,764 [ERROR] CADModel:125 - Updater not yet initialized, retry later 
2024-06-30 18:28:35,850 [INFO] CADModel:165 - CPN selected for project level
2024-06-30 18:28:35,851 [INFO] CADModel:114 - Register for checkConnection events
2024-06-30 18:28:35,851 [FATAL] Updater:308 - Updater called before beeing initialized
2024-06-30 18:28:35,851 [ERROR] CADModel:125 - Updater not yet initialized, retry later 
2024-06-30 18:28:35,853 [FATAL] Updater:308 - Updater called before beeing initialized
2024-06-30 18:28:35,906 [FATAL] Updater:308 - Updater called before beeing initialized
2024-06-30 18:28:35,909 [INFO] DbMcusAds:53 - JSON generation date=Thu May 16 17:22:00 CST 2024 (1715851320852)
2024-06-30 18:28:35,909 [FATAL] Updater:308 - Updater called before beeing initialized
2024-06-30 18:28:35,936 [WARN] DetailPanel:346 - Failed to get advertising image, set to default
2024-06-30 18:28:36,011 [FATAL] Updater:308 - Updater called before beeing initialized
2024-06-30 18:28:36,012 [FATAL] Updater:308 - Updater called before beeing initialized
2024-06-30 18:28:36,012 [FATAL] Updater:308 - Updater called before beeing initialized
2024-06-30 18:28:36,012 [WARN] DetailPanel:346 - Failed to get advertising image, set to default
2024-06-30 18:28:36,013 [FATAL] Updater:308 - Updater called before beeing initialized
2024-06-30 18:28:36,034 [ERROR] Updater:1120 - MainUpdater not yet initialized. External WinMGr cannot be set.
2024-06-30 18:28:36,036 [INFO] Updater:1056 - Updater Version found : 6.11.1
2024-06-30 18:28:36,051 [INFO] ApplicationProperties:184 - Using Application install path: /opt/st/stm32cubeide_1.15.1/plugins/com.st.stm32cube.common.mx_6.11.1.202404110753
2024-06-30 18:28:36,607 [INFO] MainUpdater:2873 - connection check result : 10
2024-06-30 18:28:36,608 [INFO] MainUpdater:290 - Updater Check For Update Now.
2024-06-30 18:28:36,608 [INFO] MicroXplorer:498 - Change Database Version : DB.6.0.111
2024-06-30 18:28:36,621 [INFO] McuFinderGlobals:63 - Set McuFinder mode to 2 (CubeIDE integrated)
2024-06-30 18:28:36,632 [INFO] UserAuth:415 - Internet connection configuration mode: 1
2024-06-30 18:28:36,643 [INFO] JxBrowserEngine:152 - Initiate JxBrowser Engine with user profile folder
2024-06-30 18:28:36,795 [INFO] CheckServerUpdateThread:120 - End of CheckServer Thread
2024-06-30 18:28:37,441 [INFO] WebApp:161 - Instantiating new browser for Auth
2024-06-30 18:28:37,984 [INFO] WebApp:779 - Register for checkConnection events
2024-06-30 18:28:37,984 [INFO] WebApp:414 - Apply proxy settings
2024-06-30 18:28:37,984 [INFO] WebApp:499 - Chromium requires no authentication
2024-06-30 18:28:37,989 [INFO] WebApp:442 - Direct internet connection detected
2024-06-30 18:28:38,085 [INFO] WebApp:192 - Starting web application
2024-06-30 18:28:38,086 [INFO] WebApp:544 - Web application path used /opt/st/stm32cubeide_1.15.1/plugins/com.st.stm32cube.common.mx_6.11.1.202404110753/db/plugins/mcufinder/reactClient1/index.html
2024-06-30 18:28:38,324 [WARN] PackLoader:240 - Cannot read IP mode file for STMicroelectronics.FP-SNS-MOTENVWB1.1.4.0
2024-06-30 18:28:38,333 [WARN] PackLoader:240 - Cannot read IP mode file for STMicroelectronics.X-CUBE-SMBUS.2.1.0
2024-06-30 18:28:38,355 [WARN] PackLoader:240 - Cannot read IP mode file for STMicroelectronics.X-CUBE-AZRTOS-F7.1.1.0
2024-06-30 18:28:38,362 [WARN] PackLoader:240 - Cannot read IP mode file for STMicroelectronics.FP-SNS-FLIGHT1.5.0.2
2024-06-30 18:28:38,369 [WARN] PackLoader:240 - Cannot read IP mode file for STMicroelectronics.X-CUBE-DISPLAY.3.0.0
2024-06-30 18:28:38,380 [WARN] PackLoader:240 - Cannot read IP mode file for STMicroelectronics.X-CUBE-BLE1.7.0.0
2024-06-30 18:28:38,385 [WARN] PackLoader:240 - Cannot read IP mode file for emotas.I-CUBE-CANOPEN.1.3.0
2024-06-30 18:28:38,393 [WARN] PackLoader:240 - Cannot read IP mode file for STMicroelectronics.X-CUBE-BLEMGR.3.1.0
2024-06-30 18:28:38,408 [WARN] PackLoader:240 - Cannot read IP mode file for STMicroelectronics.FP-SNS-SMARTAG2.1.2.0
2024-06-30 18:28:38,415 [INFO] LogOutputStream:77 - [STDOUT_REDIRECT] 1 : Invalid condition id : UX_CORESTACK_Condition cause : null
2024-06-30 18:28:38,416 [INFO] LogOutputStream:77 - [STDOUT_REDIRECT] 1 : Invalid condition id : UX_CORESTACK_Condition cause : null
2024-06-30 18:28:38,416 [INFO] LogOutputStream:77 - [STDOUT_REDIRECT] 1 : Invalid condition id : UX_CORESTACK_Condition cause : null
2024-06-30 18:28:38,416 [INFO] LogOutputStream:77 - [STDOUT_REDIRECT] 1 : Invalid condition id : UX_CORESTACK_Condition cause : null
2024-06-30 18:28:38,417 [INFO] LogOutputStream:77 - [STDOUT_REDIRECT] 1 : Invalid condition id : UX_CORESTACK_Condition cause : null
2024-06-30 18:28:38,422 [WARN] PackLoader:240 - Cannot read IP mode file for STMicroelectronics.X-CUBE-AZRTOS-WL.2.0.0
2024-06-30 18:28:38,428 [WARN] PackLoader:240 - Cannot read IP mode file for STMicroelectronics.FP-SNS-MOTENV1.5.0.0
2024-06-30 18:28:38,444 [WARN] PackLoader:240 - Cannot read IP mode file for wolfSSL.I-CUBE-wolfMQTT.1.19.0
2024-06-30 18:28:38,449 [WARN] PackLoader:240 - Cannot read IP mode file for STMicroelectronics.X-CUBE-BLE2.3.3.0
2024-06-30 18:28:38,455 [WARN] PackLoader:240 - Cannot read IP mode file for STMicroelectronics.X-CUBE-TCPP.4.1.0
2024-06-30 18:28:38,472 [WARN] PackLoader:240 - Cannot read IP mode file for STMicroelectronics.X-CUBE-AZRTOS-G0.1.1.0
2024-06-30 18:28:38,481 [WARN] PackLoader:240 - Cannot read IP mode file for STMicroelectronics.X-CUBE-SAFEA1.1.2.2
2024-06-30 18:28:38,488 [WARN] PackLoader:240 - Cannot read IP mode file for STMicroelectronics.X-CUBE-NFC4.3.0.0
2024-06-30 18:28:38,492 [WARN] PackLoader:240 - Cannot read IP mode file for wolfSSL.I-CUBE-wolfSSL.5.7.0
2024-06-30 18:28:38,496 [WARN] PackLoader:240 - Cannot read IP mode file for STMicroelectronics.FP-ATR-SIGFOX1.3.2.0
2024-06-30 18:28:38,501 [WARN] PackLoader:240 - Cannot read IP mode file for STMicroelectronics.X-CUBE-EEPRMA1.5.1.0
2024-06-30 18:28:38,508 [WARN] PackLoader:240 - Cannot read IP mode file for ITTIA_DB.I-CUBE-ITTIADB.8.9.0
2024-06-30 18:28:38,539 [WARN] PackLoader:240 - Cannot read IP mode file for SEGGER.I-CUBE-embOS.1.3.1
2024-06-30 18:28:38,593 [WARN] PackLoader:240 - Cannot read IP mode file for STMicroelectronics.X-CUBE-ALGOBUILD.1.4.0
2024-06-30 18:28:38,597 [WARN] PackLoader:240 - Cannot read IP mode file for STMicroelectronics.X-CUBE-GNSS1.6.0.0
2024-06-30 18:28:38,610 [WARN] PackLoader:240 - Cannot read IP mode file for STMicroelectronics.X-CUBE-AZRTOS-F4.1.1.0
2024-06-30 18:28:38,617 [WARN] PackLoader:240 - Cannot read IP mode file for STMicroelectronics.X-CUBE-FREERTOS.1.2.0
2024-06-30 18:28:38,629 [WARN] PackLoader:240 - Cannot read IP mode file for STMicroelectronics.X-CUBE-AZRTOS-L5.2.0.0
2024-06-30 18:28:38,638 [WARN] PackLoader:240 - Cannot read IP mode file for STMicroelectronics.X-CUBE-NFC6.3.1.0
2024-06-30 18:28:38,644 [WARN] PackLoader:240 - Cannot read IP mode file for STMicroelectronics.X-CUBE-AI.9.0.0
2024-06-30 18:28:38,648 [WARN] PackLoader:240 - Cannot read IP mode file for STMicroelectronics.X-CUBE-NFC7.1.0.1
2024-06-30 18:28:38,669 [WARN] ConditionMgr:438 - getConditionDescription Invalid condition id : LAN8742 Phy interface Condition cause : null
2024-06-30 18:28:38,669 [WARN] PackLoader:240 - Cannot read IP mode file for STMicroelectronics.X-CUBE-AZRTOS-L4.2.0.0
2024-06-30 18:28:38,671 [WARN] ConditionMgr:1039 - genDependencies : Invalid condition id : LAN8742 Phy interface Condition cause : null
2024-06-30 18:28:38,672 [WARN] ConditionMgr:1039 - genDependencies : Invalid condition id : LAN8742 Phy interface Condition cause : null
2024-06-30 18:28:38,672 [WARN] ConditionMgr:1039 - genDependencies : Invalid condition id : LAN8742 Phy interface Condition cause : null
2024-06-30 18:28:38,680 [WARN] PackLoader:240 - Cannot read IP mode file for STMicroelectronics.X-CUBE-SFXS2LP1.4.0.0
2024-06-30 18:28:38,696 [WARN] ConditionMgr:438 - getConditionDescription Invalid condition id : UX DEVICE CLASS RTOS Condition cause : null
2024-06-30 18:28:38,696 [WARN] ConditionMgr:438 - getConditionDescription Invalid condition id : UX DEVICE CLASS RTOS Condition cause : null
2024-06-30 18:28:38,698 [WARN] PackLoader:240 - Cannot read IP mode file for STMicroelectronics.X-CUBE-AZRTOS-WB.2.0.0
2024-06-30 18:28:38,698 [WARN] ConditionMgr:1039 - genDependencies : Invalid condition id : UX DEVICE CLASS RTOS Condition cause : null
2024-06-30 18:28:38,698 [WARN] ConditionMgr:1039 - genDependencies : Invalid condition id : UX DEVICE CLASS RTOS Condition cause : null
2024-06-30 18:28:38,699 [WARN] ConditionMgr:1039 - genDependencies : Invalid condition id : UX DEVICE CLASS RTOS Condition cause : null
2024-06-30 18:28:38,699 [WARN] ConditionMgr:1039 - genDependencies : Invalid condition id : UX DEVICE CLASS RTOS Condition cause : null
2024-06-30 18:28:38,699 [WARN] ConditionMgr:1039 - genDependencies : Invalid condition id : UX DEVICE CLASS RTOS Condition cause : null
2024-06-30 18:28:38,706 [WARN] PackLoader:240 - Cannot read IP mode file for STMicroelectronics.X-CUBE-SUBG2.5.0.0
2024-06-30 18:28:38,719 [WARN] PackLoader:240 - Cannot read IP mode file for STMicroelectronics.X-CUBE-AZRTOS-G4.2.0.0
2024-06-30 18:28:38,723 [WARN] PackLoader:240 - Cannot read IP mode file for STMicroelectronics.X-CUBE-ISPU.2.0.0
2024-06-30 18:28:38,727 [WARN] PackLoader:240 - Cannot read IP mode file for STMicroelectronics.X-CUBE-ALS.1.0.2
2024-06-30 18:28:38,748 [WARN] PackLoader:240 - Cannot read IP mode file for STMicroelectronics.X-CUBE-MEMS1.10.0.0
2024-06-30 18:28:38,862 [WARN] PackLoader:240 - Cannot read IP mode file for STMicroelectronics.X-CUBE-TOUCHGFX.4.24.0
2024-06-30 18:28:38,865 [WARN] PackLoader:240 - Cannot read IP mode file for portGmbH.I-Cube-SoM-uGOAL.1.1.0
2024-06-30 18:28:38,876 [WARN] PackLoader:240 - Cannot read IP mode file for STMicroelectronics.X-CUBE-AZRTOS-H7RS.1.0.0
2024-06-30 18:28:38,881 [WARN] PackLoader:240 - Cannot read IP mode file for STMicroelectronics.FP-ATR-ASTRA1.2.0.0
2024-06-30 18:28:38,886 [WARN] PackLoader:240 - Cannot read IP mode file for STMicroelectronics.X-CUBE-TOF1.3.4.1
2024-06-30 18:28:38,906 [WARN] PackLoader:240 - Cannot read IP mode file for STMicroelectronics.X-CUBE-AZRTOS-H7.3.2.0
2024-06-30 18:28:38,916 [WARN] PackLoader:240 - Cannot read IP mode file for Infineon.AIROC-Wi-Fi-Bluetooth-STM32.1.6.0
2024-06-30 18:28:38,920 [INFO] ThirdParty:978 - Integrity check success = true
2024-06-30 18:28:38,920 [INFO] IntegrityCheckThread:100 - exiting critical section [integrity check]
2024-06-30 18:28:38,920 [INFO] IntegrityCheckThread:103 - End integrity checks thread
2024-06-30 18:29:30,802 [ERROR] LogOutputStream:75 - [STDERR_REDIRECT] 
